platforms/android/app/build/intermediates/manifest_merge_blame_file/debug/manifest-merger-blame-debug-report.txt
1<?xml version="1.0" encoding="utf-8"?>
2<manifest xmlns:android="http://schemas.android.com/apk/res/android"
3    package="io.pethub.dev"
4    android:hardwareAccelerated="true"
5    android:versionCode="10021"
6    android:versionName="1.0.21" >
7
8    <uses-sdk
9        android:minSdkVersion="24"
9-->src\main\AndroidManifest.xml
10        android:targetSdkVersion="33" />
10-->src\main\AndroidManifest.xml
11
12    <supports-screens
12-->src\main\AndroidManifest.xml:3:5-191
13        android:anyDensity="true"
13-->src\main\AndroidManifest.xml:3:23-48
14        android:largeScreens="true"
14-->src\main\AndroidManifest.xml:3:49-76
15        android:normalScreens="true"
15-->src\main\AndroidManifest.xml:3:77-105
16        android:resizeable="true"
16-->src\main\AndroidManifest.xml:3:106-131
17        android:smallScreens="true"
17-->src\main\AndroidManifest.xml:3:132-159
18        android:xlargeScreens="true" />
18-->src\main\AndroidManifest.xml:3:160-188
19
20    <uses-permission android:name="android.permission.INTERNET" />
20-->src\main\AndroidManifest.xml:4:5-67
20-->src\main\AndroidManifest.xml:4:22-64
21    <uses-permission android:name="android.permission.CAMERA" />
21-->src\main\AndroidManifest.xml:13:5-65
21-->src\main\AndroidManifest.xml:13:22-62
22
23    <permission
23-->[androidx.core:core:1.9.0] AndroidManifest.xml:22:5-24:47
24        android:name="io.pethub.dev.DYNAMIC_RECEIVER_NOT_EXPORTED_PERMISSION"
24-->[androidx.core:core:1.9.0] AndroidManifest.xml:23:9-81
25        android:protectionLevel="signature" />
25-->[androidx.core:core:1.9.0] AndroidManifest.xml:24:9-44
26
27    <uses-permission android:name="io.pethub.dev.DYNAMIC_RECEIVER_NOT_EXPORTED_PERMISSION" />
27-->[androidx.core:core:1.9.0] AndroidManifest.xml:26:5-97
27-->[androidx.core:core:1.9.0] AndroidManifest.xml:26:22-94
28
29    <application
29-->src\main\AndroidManifest.xml:5:5-12:19
30        android:allowBackup="false"
30-->src\main\AndroidManifest.xml:5:18-45
31        android:appComponentFactory="androidx.core.app.CoreComponentFactory"
31-->[androidx.core:core:1.9.0] AndroidManifest.xml:28:18-86
32        android:debuggable="true"
33        android:extractNativeLibs="false"
34        android:fullBackupContent="false"
34-->src\main\AndroidManifest.xml:5:46-79
35        android:hardwareAccelerated="true"
35-->src\main\AndroidManifest.xml:5:80-114
36        android:icon="@mipmap/ic_launcher"
36-->src\main\AndroidManifest.xml:5:115-149
37        android:label="@string/app_name"
37-->src\main\AndroidManifest.xml:5:150-182
38        android:requestLegacyExternalStorage="true"
38-->src\main\AndroidManifest.xml:5:183-226
39        android:supportsRtl="true"
39-->src\main\AndroidManifest.xml:5:227-253
40        android:usesCleartextTraffic="true" >
40-->src\main\AndroidManifest.xml:5:254-289
41        <activity
41-->src\main\AndroidManifest.xml:6:9-11:20
42            android:name="io.pethub.dev.MainActivity"
42-->src\main\AndroidManifest.xml:6:229-256
43            android:configChanges="orientation|keyboardHidden|keyboard|screenSize|locale|smallestScreenSize|screenLayout|uiMode"
43-->src\main\AndroidManifest.xml:6:19-135
44            android:exported="true"
44-->src\main\AndroidManifest.xml:6:136-159
45            android:label="@string/activity_name"
45-->src\main\AndroidManifest.xml:6:160-197
46            android:launchMode="singleTop"
46-->src\main\AndroidManifest.xml:6:198-228
47            android:theme="@style/Theme.App.SplashScreen"
47-->src\main\AndroidManifest.xml:6:257-302
48            android:windowSoftInputMode="adjustResize" >
48-->src\main\AndroidManifest.xml:6:303-345
49            <intent-filter android:label="@string/launcher_name" >
49-->src\main\AndroidManifest.xml:7:13-10:29
49-->src\main\AndroidManifest.xml:7:28-65
50                <action android:name="android.intent.action.MAIN" />
50-->src\main\AndroidManifest.xml:8:17-69
50-->src\main\AndroidManifest.xml:8:25-66
51
52                <category android:name="android.intent.category.LAUNCHER" />
52-->src\main\AndroidManifest.xml:9:17-77
52-->src\main\AndroidManifest.xml:9:27-74
53            </intent-filter>
54        </activity>
55
56        <provider
56-->[androidx.emoji2:emoji2:1.2.0] AndroidManifest.xml:24:9-32:20
57            android:name="androidx.startup.InitializationProvider"
57-->[androidx.emoji2:emoji2:1.2.0] AndroidManifest.xml:25:13-67
58            android:authorities="io.pethub.dev.androidx-startup"
58-->[androidx.emoji2:emoji2:1.2.0] AndroidManifest.xml:26:13-68
59            android:exported="false" >
59-->[androidx.emoji2:emoji2:1.2.0] AndroidManifest.xml:27:13-37
60            <meta-data
60-->[androidx.emoji2:emoji2:1.2.0] AndroidManifest.xml:29:13-31:52
61                android:name="androidx.emoji2.text.EmojiCompatInitializer"
61-->[androidx.emoji2:emoji2:1.2.0] AndroidManifest.xml:30:17-75
62                android:value="androidx.startup" />
62-->[androidx.emoji2:emoji2:1.2.0] AndroidManifest.xml:31:17-49
63            <meta-data
63-->[androidx.lifecycle:lifecycle-process:2.4.1] AndroidManifest.xml:31:13-33:52
64                android:name="androidx.lifecycle.ProcessLifecycleInitializer"
64-->[androidx.lifecycle:lifecycle-process:2.4.1] AndroidManifest.xml:32:17-78
65                android:value="androidx.startup" />
65-->[androidx.lifecycle:lifecycle-process:2.4.1] AndroidManifest.xml:33:17-49
66        </provider>
67    </application>
68
69</manifest>